<?xml version="1.0" encoding="UTF-8"?>
<!-- Generated by org.testng.reporters.JUnitReportReporter -->
<testsuite hostname="DESKTOP-B0Q4AIF" failures="0" tests="1" name="Bikes.FZ" time="12.264" errors="0" timestamp="2024-07-19T16:25:18 IST" skipped="0">
  <testcase classname="Bikes.FZ" name="FZlaunched" time="12.264"/>
  <system-out>
    <![CDATA[FZ launched successfully]]>
  </system-out>
</testsuite> <!-- Bikes.FZ -->
