<?xml version="1.0" encoding="UTF-8"?>
<!-- Generated by org.testng.reporters.JUnitReportReporter -->
<testsuite hostname="DESKTOP-B0Q4AIF" failures="0" tests="1" name="cars.RollsRoyac" time="17.738" errors="0" timestamp="2024-07-23T16:39:37 IST" skipped="0">
  <testcase classname="cars.RollsRoyac" name="launchRollsRoyac" time="17.738"/>
  <system-out>
    <![CDATA[RollsRoyac launched successfully]]>
  </system-out>
</testsuite> <!-- cars.RollsRoyac -->
