<?xml version="1.0" encoding="UTF-8"?>
<!-- Generated by org.testng.reporters.JUnitReportReporter -->
<testsuite hostname="DESKTOP-B0Q4AIF" failures="0" tests="1" name="Bikes.RoyalEnfiled" time="45.504" errors="0" timestamp="2024-07-19T16:25:18 IST" skipped="0">
  <testcase classname="Bikes.RoyalEnfiled" name="launchroyalenfied" time="45.504"/>
  <system-out>
    <![CDATA[RoyalEnfiled successfully launched]]>
  </system-out>
</testsuite> <!-- Bikes.RoyalEnfiled -->
