<?xml version="1.0" encoding="UTF-8"?>
<!-- Generated by org.testng.reporters.JUnitReportReporter -->
<testsuite hostname="DESKTOP-B0Q4AIF" failures="0" tests="2" name="testNG.DependsonMethod" time="14.519" errors="0" timestamp="2024-07-17T15:59:47 IST" skipped="0">
  <testcase classname="testNG.DependsonMethod" name="login" time="5.241"/>
  <system-out>
    <![CDATA[login is successfull]]>
  </system-out>
  <testcase classname="testNG.DependsonMethod" name="Register" time="9.278"/>
  <system-out>
    <![CDATA[register is successful]]>
  </system-out>
</testsuite> <!-- testNG.DependsonMethod -->
