<?xml version="1.0" encoding="UTF-8"?>
<!-- Generated by org.testng.reporters.JUnitReportReporter -->
<testsuite hostname="DESKTOP-B0Q4AIF" failures="0" tests="3" name="DataProvider.ToLearnDataProvider" time="54.144" errors="0" timestamp="2024-07-22T16:17:11 IST" skipped="0">
  <testcase classname="DataProvider.ToLearnDataProvider" name="login" time="26.397"/>
  <system-out/>
  <testcase classname="DataProvider.ToLearnDataProvider" name="login" time="10.841"/>
  <system-out/>
  <testcase classname="DataProvider.ToLearnDataProvider" name="login" time="16.906"/>
  <system-out/>
</testsuite> <!-- DataProvider.ToLearnDataProvider -->
