<?xml version="1.0" encoding="UTF-8"?>
<!-- Generated by org.testng.reporters.JUnitReportReporter -->
<testsuite hostname="DESKTOP-B0Q4AIF" failures="0" tests="3" name="testNG.demo" time="16.553" errors="0" timestamp="2024-07-16T16:15:56 IST" skipped="0">
  <testcase classname="testNG.demo" name="demo" time="0.033"/>
  <system-out>
    <![CDATA[demo test case executed]]>
  </system-out>
  <testcase classname="testNG.demo" name="test" time="0.007"/>
  <system-out>
    <![CDATA[test executed]]>
  </system-out>
  <testcase classname="testNG.demo" name="sample" time="16.513"/>
  <system-out>
    <![CDATA[welcome to advance seleminum]]>
  </system-out>
</testsuite> <!-- testNG.demo -->
