<?xml version="1.0" encoding="UTF-8"?>
<!-- Generated by org.testng.reporters.JUnitReportReporter -->
<testsuite hostname="DESKTOP-B0Q4AIF" failures="0" tests="3" name="CrossBrowser.CrossBrowserTesting" time="42.709" errors="0" timestamp="2024-07-24T16:38:57 IST" skipped="0">
  <testcase classname="CrossBrowser.CrossBrowserTesting" name="launch" time="14.449"/>
  <system-out/>
  <testcase classname="CrossBrowser.CrossBrowserTesting" name="launch" time="14.345"/>
  <system-out/>
  <testcase classname="CrossBrowser.CrossBrowserTesting" name="launch" time="13.915"/>
  <system-out/>
</testsuite> <!-- CrossBrowser.CrossBrowserTesting -->
