<?xml version="1.0" encoding="UTF-8"?>
<!-- Generated by org.testng.reporters.JUnitReportReporter -->
<testsuite hostname="DESKTOP-B0Q4AIF" failures="0" tests="1" name="Bikes.Yamaha" time="16.248" errors="0" timestamp="2024-07-19T16:25:18 IST" skipped="0">
  <testcase classname="Bikes.Yamaha" name="YamahaLaunched" time="16.248"/>
  <system-out>
    <![CDATA[yamaha successfully launched]]>
  </system-out>
</testsuite> <!-- Bikes.Yamaha -->
